<?xml version="1.0" encoding="UTF-8"?>
<beans xmlns="http://www.springframework.org/schema/beans"
       xmlns:xsi="http://www.w3.org/2001/XMLSchema-instance"
       xmlns:p="http://www.springframework.org/schema/p"
       xmlns:tx="http://www.springframework.org/schema/tx"
       xsi:schemaLocation="http://www.springframework.org/schema/beans http://www.springframework.org/schema/beans/spring-beans.xsd
	   		 http://www.springframework.org/schema/tx http://www.springframework.org/schema/tx/spring-tx.xsd">

    <tx:annotation-driven transaction-manager="transactionManager"/>

    <!--
        Thanks to Mysql and Hsqldb not having the same cast syntax (SIGNED mandatory for mysql and
        unknown for hsqldb), there is an overriding for some queries so that they can be tested.
        Remember to maintain the two files.
     -->
    <bean id="queryProps" class="org.springframework.beans.factory.config.PropertiesFactoryBean">
        <property name="locations">
            <list>
                <value>classpath:/com/mkl/eu/service/service/sql-queries.xml</value>
                <value>classpath:/com/mkl/eu/service/service/sql-queries-test.xml</value>
            </list>
        </property>
    </bean>

    <bean id="sessionFactory" class="org.springframework.orm.hibernate4.LocalSessionFactoryBean"
          p:dataSource-ref="dataSource"
          p:namingStrategy-ref="componentNamingStrategy"
          p:packagesToScan="com.mkl.eu.**.oe">
        <property name="hibernateProperties">
            <value>
                hibernate.dialect=org.hibernate.dialect.HSQLDialect
                hibernate.format_sql=true
                hibernate.hbm2ddl.auto=update
                hibernate.show_sql=true
                use_sql_comments=true
                hibernate.connection.autocommit=true
            </value>
        </property>
    </bean>

    <bean id="componentNamingStrategy" class="org.hibernate.cfg.DefaultComponentSafeNamingStrategy"/>

    <bean id="jdbcTemplate" class="org.springframework.jdbc.core.JdbcTemplate" p:dataSource-ref="dataSource"/>

    <bean id="dataSource"
          class="org.springframework.jdbc.datasource.DriverManagerDataSource">
        <property name="driverClassName" value="org.hsqldb.jdbcDriver"/>
        <property name="url" value="jdbc:hsqldb:mem:daoTests"/>
        <property name="username" value="sa"/>
        <property name="password" value=""/>
    </bean>

    <bean id="transactionManager" class="org.springframework.orm.hibernate4.HibernateTransactionManager"
          p:sessionFactory-ref="sessionFactory"/>

</beans>